<?xml version="1.0" encoding="UTF-8"?>
<!-- Generated by org.testng.reporters.JUnitReportReporter -->
<testsuite hostname="DESKTOP-O72STL1" failures="0" tests="1" name="com.learnautomation.testcases.LogineCRM" time="14.314" errors="0" timestamp="26 Mar 2023 16:09:27 GMT" skipped="0">
  <testcase classname="com.learnautomation.testcases.LogineCRM" name="loginApp" time="14.314"/>
</testsuite> <!-- com.learnautomation.testcases.LogineCRM -->
