<?xml version="1.0" encoding="UTF-8"?>
<!-- Generated by org.testng.reporters.JUnitReportReporter -->
<testsuite hostname="DESKTOP-O72STL1" failures="0" tests="1" name="com.learnautomation.testcases.LogineTestCRM" time="10.126" errors="0" timestamp="02 May 2023 15:05:03 GMT" skipped="0">
  <testcase classname="com.learnautomation.testcases.LogineTestCRM" name="loginApp" time="10.126"/>
</testsuite> <!-- com.learnautomation.testcases.LogineTestCRM -->
