<?xml version="1.0" encoding="UTF-8"?>
<!-- Generated by org.testng.reporters.JUnitReportReporter -->
<testsuite hostname="DESKTOP-O72STL1" failures="0" tests="1" name="com.learnautomation.testcases.LogineTestCRM" time="6.996" errors="0" timestamp="12 Jun 2023 08:37:40 GMT" skipped="0">
  <testcase classname="com.learnautomation.testcases.LogineTestCRM" name="loginApp" time="6.996"/>
</testsuite> <!-- com.learnautomation.testcases.LogineTestCRM -->
